Release 14.7 - xst P.20131013 (nt64)
Copyright (c) 1995-2013 Xilinx, Inc.  All rights reserved.
--> Parameter TMPDIR set to xst/projnav.tmp


Total REAL time to Xst completion: 1.00 secs
Total CPU time to Xst completion: 0.17 secs
 
--> Parameter xsthdpdir set to xst


Total REAL time to Xst completion: 1.00 secs
Total CPU time to Xst completion: 0.18 secs
 
--> Reading design: tb_top.prj

TABLE OF CONTENTS
  1) Synthesis Options Summary
  2) HDL Parsing
  3) HDL Elaboration
  4) HDL Synthesis
       4.1) HDL Synthesis Report
  5) Advanced HDL Synthesis
       5.1) Advanced HDL Synthesis Report
  6) Low Level Synthesis
  7) Partition Report
  8) Design Summary
       8.1) Primitive and Black Box Usage
       8.2) Device utilization summary
       8.3) Partition Resource Summary
       8.4) Timing Report
            8.4.1) Clock Information
            8.4.2) Asynchronous Control Signals Information
            8.4.3) Timing Summary
            8.4.4) Timing Details
            8.4.5) Cross Clock Domains Report


=========================================================================
*                      Synthesis Options Summary                        *
=========================================================================
---- Source Parameters
Input File Name                    : "tb_top.prj"
Ignore Synthesis Constraint File   : NO

---- Target Parameters
Output File Name                   : "tb_top"
Output Format                      : NGC
Target Device                      : xc7a100t-3-csg324

---- Source Options
Top Module Name                    : tb_top
Automatic FSM Extraction           : YES
FSM Encoding Algorithm             : Auto
Safe Implementation                : No
FSM Style                          : LUT
RAM Extraction                     : Yes
RAM Style                          : Auto
ROM Extraction                     : Yes
Shift Register Extraction          : YES
ROM Style                          : Auto
Resource Sharing                   : YES
Asynchronous To Synchronous        : NO
Shift Register Minimum Size        : 2
Use DSP Block                      : Auto
Automatic Register Balancing       : No

---- Target Options
LUT Combining                      : Auto
Reduce Control Sets                : Auto
Add IO Buffers                     : YES
Global Maximum Fanout              : 100000
Add Generic Clock Buffer(BUFG)     : 32
Register Duplication               : YES
Optimize Instantiated Primitives   : NO
Use Clock Enable                   : Auto
Use Synchronous Set                : Auto
Use Synchronous Reset              : Auto
Pack IO Registers into IOBs        : Auto
Equivalent register Removal        : YES

---- General Options
Optimization Goal                  : Speed
Optimization Effort                : 1
Power Reduction                    : NO
Keep Hierarchy                     : No
Netlist Hierarchy                  : As_Optimized
RTL Output                         : Yes
Global Optimization                : AllClockNets
Read Cores                         : YES
Write Timing Constraints           : NO
Cross Clock Analysis               : NO
Hierarchy Separator                : /
Bus Delimiter                      : <>
Case Specifier                     : Maintain
Slice Utilization Ratio            : 100
BRAM Utilization Ratio             : 100
DSP48 Utilization Ratio            : 100
Auto BRAM Packing                  : NO
Slice Utilization Ratio Delta      : 5

=========================================================================


=========================================================================
*                          HDL Parsing                                  *
=========================================================================
Analyzing Verilog file "C:\Xilinx\Project2\MyFSM.v" into library work
Parsing module <MyFSM>.
Analyzing Verilog file "C:\Xilinx\Project2\MainFSM.v" into library work
Parsing module <MainFSM>.
Analyzing Verilog file "C:\Xilinx\Project2\TopFSM.v" into library work
Parsing module <TopFSM>.
Analyzing Verilog file "C:\Xilinx\Project2\SEU.v" into library work
Parsing module <SEU>.
Analyzing Verilog file "C:\Xilinx\Project2\RF.v" into library work
Parsing module <RF>.
Analyzing Verilog file "C:\Xilinx\Project2\PC.v" into library work
Parsing module <PC>.
Analyzing Verilog file "C:\Xilinx\Project2\MEM.v" into library work
Parsing module <MEM>.
WARNING:HDLCompiler:991 - "C:\Xilinx\Project2\MEM.v" Line 31: Event expressions must result in a singular type
Analyzing Verilog file "C:\Xilinx\Project2\MDR.v" into library work
Parsing module <MDR>.
Analyzing Verilog file "C:\Xilinx\Project2\IR.v" into library work
Parsing module <IR>.
Analyzing Verilog file "C:\Xilinx\Project2\B.v" into library work
Parsing module <B>.
Analyzing Verilog file "C:\Xilinx\Project2\ALUOut.v" into library work
Parsing module <ALUOut>.
Analyzing Verilog file "C:\Xilinx\Project2\ALUControl.v" into library work
Parsing module <ALUControl>.
Analyzing Verilog file "C:\Xilinx\Project2\ALU.v" into library work
Parsing module <ALU>.
Analyzing Verilog file "C:\Xilinx\Project2\A.v" into library work
Parsing module <A>.
Analyzing Verilog file "C:\Xilinx\Project2\MultiCycleCPU.v" into library work
Parsing module <MultiCycleCPU>.
Parsing module <MUX4_1>.
Analyzing Verilog file "C:\Xilinx\Project2\tb_Top.v" into library work
Parsing module <tb_top>.

=========================================================================
*                            HDL Elaboration                            *
=========================================================================

Elaborating module <tb_top>.
WARNING:HDLCompiler:817 - "C:\Xilinx\Project2\tb_Top.v" Line 29: System task stop ignored for synthesis
WARNING:HDLCompiler:872 - "C:\Xilinx\Project2\tb_Top.v" Line 22: Using initial value of i_rst_n since it is never assigned

Elaborating module <MultiCycleCPU>.

Elaborating module <PC>.

Elaborating module <MUX4_1>.
WARNING:HDLCompiler:189 - "C:\Xilinx\Project2\MultiCycleCPU.v" Line 25: Size mismatch in connection of port <i_data4>. Formal port size is 32-bit while actual signal size is 1-bit.

Elaborating module <MEM>.
Reading initialization file \"inst.txt\".
WARNING:HDLCompiler:1670 - "C:\Xilinx\Project2\MEM.v" Line 11: Signal <memory> in initial block is partially initialized.
Reading initialization file \"data.txt\".
WARNING:HDLCompiler:1670 - "C:\Xilinx\Project2\MEM.v" Line 12: Signal <memory> in initial block is partially initialized.

Elaborating module <MDR>.

Elaborating module <IR>.

Elaborating module <TopFSM>.

Elaborating module <MainFSM>.
WARNING:HDLCompiler:91 - "C:\Xilinx\Project2\MainFSM.v" Line 62: Signal <i_funct> missing in the sensitivity list is added for synthesis purposes. HDL and post-synthesis simulations may differ as a result.

Elaborating module <MyFSM>.
WARNING:HDLCompiler:189 - "C:\Xilinx\Project2\MultiCycleCPU.v" Line 33: Size mismatch in connection of port <i_data1>. Formal port size is 32-bit while actual signal size is 5-bit.
WARNING:HDLCompiler:189 - "C:\Xilinx\Project2\MultiCycleCPU.v" Line 34: Size mismatch in connection of port <i_data4>. Formal port size is 32-bit while actual signal size is 1-bit.

Elaborating module <RF>.

Elaborating module <A>.

Elaborating module <B>.

Elaborating module <SEU>.

Elaborating module <ALUControl>.

Elaborating module <ALU>.

Elaborating module <ALUOut>.
WARNING:HDLCompiler:189 - "C:\Xilinx\Project2\MultiCycleCPU.v" Line 45: Size mismatch in connection of port <i_data4>. Formal port size is 32-bit while actual signal size is 1-bit.
WARNING:HDLCompiler:634 - "C:\Xilinx\Project2\MultiCycleCPU.v" Line 9: Net <w_write_mem[31]> does not have a driver.
WARNING:HDLCompiler:634 - "C:\Xilinx\Project2\MultiCycleCPU.v" Line 25: Net <x> does not have a driver.
WARNING:HDLCompiler:1127 - "C:\Xilinx\Project2\tb_Top.v" Line 18: Assignment to o_data_out ignored, since the identifier is never used
WARNING:HDLCompiler:1127 - "C:\Xilinx\Project2\tb_Top.v" Line 19: Assignment to o_state ignored, since the identifier is never used
WARNING:Xst:2972 - "C:\Xilinx\Project2\tb_Top.v" line 15. All outputs of instance <uut> of block <MultiCycleCPU> are unconnected in block <tb_top>. Underlying logic will be removed.

=========================================================================
*                           HDL Synthesis                               *
=========================================================================

Synthesizing Unit <tb_top>.
    Related source file is "C:\Xilinx\Project2\tb_Top.v".
INFO:Xst:3210 - "C:\Xilinx\Project2\tb_Top.v" line 15: Output port <o_data_out> of the instance <uut> is unconnected or connected to loadless signal.
INFO:Xst:3210 - "C:\Xilinx\Project2\tb_Top.v" line 15: Output port <o_state> of the instance <uut> is unconnected or connected to loadless signal.
    Summary:
	no macro.
Unit <tb_top> synthesized.

Synthesizing Unit <PC>.
    Related source file is "C:\Xilinx\Project2\PC.v".
    Found 32-bit register for signal <o_pc>.
    Summary:
	inferred  32 D-type flip-flop(s).
Unit <PC> synthesized.

Synthesizing Unit <MUX4_1>.
    Related source file is "C:\Xilinx\Project2\MultiCycleCPU.v".
    Summary:
	no macro.
Unit <MUX4_1> synthesized.

Synthesizing Unit <MEM>.
    Related source file is "C:\Xilinx\Project2\MEM.v".
WARNING:Xst:647 - Input <i_rst_n> is never used. This port will be preserved and left unconnected if it belongs to a top-level block or it belongs to a sub-block and the hierarchy of this sub-block is preserved.
    Summary:
	no macro.
Unit <MEM> synthesized.

Synthesizing Unit <MDR>.
    Related source file is "C:\Xilinx\Project2\MDR.v".
    Found 1-bit register for signal <o_data<31>>.
    Found 1-bit register for signal <o_data<30>>.
    Found 1-bit register for signal <o_data<29>>.
    Found 1-bit register for signal <o_data<28>>.
    Found 1-bit register for signal <o_data<27>>.
    Found 1-bit register for signal <o_data<26>>.
    Found 1-bit register for signal <o_data<25>>.
    Found 1-bit register for signal <o_data<24>>.
    Found 1-bit register for signal <o_data<23>>.
    Found 1-bit register for signal <o_data<22>>.
    Found 1-bit register for signal <o_data<21>>.
    Found 1-bit register for signal <o_data<20>>.
    Found 1-bit register for signal <o_data<19>>.
    Found 1-bit register for signal <o_data<18>>.
    Found 1-bit register for signal <o_data<17>>.
    Found 1-bit register for signal <o_data<16>>.
    Found 1-bit register for signal <o_data<15>>.
    Found 1-bit register for signal <o_data<14>>.
    Found 1-bit register for signal <o_data<13>>.
    Found 1-bit register for signal <o_data<12>>.
    Found 1-bit register for signal <o_data<11>>.
    Found 1-bit register for signal <o_data<10>>.
    Found 1-bit register for signal <o_data<9>>.
    Found 1-bit register for signal <o_data<8>>.
    Found 1-bit register for signal <o_data<7>>.
    Found 1-bit register for signal <o_data<6>>.
    Found 1-bit register for signal <o_data<5>>.
    Found 1-bit register for signal <o_data<4>>.
    Found 1-bit register for signal <o_data<3>>.
    Found 1-bit register for signal <o_data<2>>.
    Found 1-bit register for signal <o_data<1>>.
    Found 1-bit register for signal <o_data<0>>.
    Summary:
	inferred  32 D-type flip-flop(s).
Unit <MDR> synthesized.

Synthesizing Unit <IR>.
    Related source file is "C:\Xilinx\Project2\IR.v".
    Found 1-bit register for signal <o_Instr<31>>.
    Found 1-bit register for signal <o_Instr<30>>.
    Found 1-bit register for signal <o_Instr<29>>.
    Found 1-bit register for signal <o_Instr<28>>.
    Found 1-bit register for signal <o_Instr<27>>.
    Found 1-bit register for signal <o_Instr<26>>.
    Found 1-bit register for signal <o_Instr<25>>.
    Found 1-bit register for signal <o_Instr<24>>.
    Found 1-bit register for signal <o_Instr<23>>.
    Found 1-bit register for signal <o_Instr<22>>.
    Found 1-bit register for signal <o_Instr<21>>.
    Found 1-bit register for signal <o_Instr<20>>.
    Found 1-bit register for signal <o_Instr<19>>.
    Found 1-bit register for signal <o_Instr<18>>.
    Found 1-bit register for signal <o_Instr<17>>.
    Found 1-bit register for signal <o_Instr<16>>.
    Found 1-bit register for signal <o_Instr<15>>.
    Found 1-bit register for signal <o_Instr<14>>.
    Found 1-bit register for signal <o_Instr<13>>.
    Found 1-bit register for signal <o_Instr<12>>.
    Found 1-bit register for signal <o_Instr<11>>.
    Found 1-bit register for signal <o_Instr<10>>.
    Found 1-bit register for signal <o_Instr<9>>.
    Found 1-bit register for signal <o_Instr<8>>.
    Found 1-bit register for signal <o_Instr<7>>.
    Found 1-bit register for signal <o_Instr<6>>.
    Found 1-bit register for signal <o_Instr<5>>.
    Found 1-bit register for signal <o_Instr<4>>.
    Found 1-bit register for signal <o_Instr<3>>.
    Found 1-bit register for signal <o_Instr<2>>.
    Found 1-bit register for signal <o_Instr<1>>.
    Found 1-bit register for signal <o_Instr<0>>.
    Summary:
	inferred  32 D-type flip-flop(s).
Unit <IR> synthesized.

Synthesizing Unit <TopFSM>.
    Related source file is "C:\Xilinx\Project2\TopFSM.v".
    Summary:
	no macro.
Unit <TopFSM> synthesized.

Synthesizing Unit <MainFSM>.
    Related source file is "C:\Xilinx\Project2\MainFSM.v".
        Fetch = 0
        Decode = 1
        Mem_Adr = 2
        Mem_Read = 3
        Mem_Writeback = 4
        Mem_Write = 5
        ADDI_Writeback = 6
        Execute = 7
        ALU_Writeback = 8
        Branch = 9
        Jump = 12
        UnDefined = 255
WARNING:Xst:647 - Input <i_zero> is never used. This port will be preserved and left unconnected if it belongs to a top-level block or it belongs to a sub-block and the hierarchy of this sub-block is preserved.
    Found 8-bit register for signal <state>.
    Found finite state machine <FSM_0> for signal <state>.
    -----------------------------------------------------------------------
    | States             | 12                                             |
    | Transitions        | 22                                             |
    | Inputs             | 9                                              |
    | Outputs            | 28                                             |
    | Clock              | i_clk (rising_edge)                            |
    | Reset              | i_rst_n (negative)                             |
    | Reset type         | asynchronous                                   |
    | Reset State        | 00000000                                       |
    | Encoding           | auto                                           |
    | Implementation     | automatic                                      |
    -----------------------------------------------------------------------
WARNING:Xst:737 - Found 1-bit latch for signal <IorD<1>>. Latches may be generated from incomplete case or if statements. We do not recommend the use of latches in FPGA/CPLD designs, as they may lead to timing problems.
WARNING:Xst:737 - Found 1-bit latch for signal <IorD<0>>. Latches may be generated from incomplete case or if statements. We do not recommend the use of latches in FPGA/CPLD designs, as they may lead to timing problems.
WARNING:Xst:737 - Found 1-bit latch for signal <ALUSrcA<1>>. Latches may be generated from incomplete case or if statements. We do not recommend the use of latches in FPGA/CPLD designs, as they may lead to timing problems.
WARNING:Xst:737 - Found 1-bit latch for signal <ALUSrcA<0>>. Latches may be generated from incomplete case or if statements. We do not recommend the use of latches in FPGA/CPLD designs, as they may lead to timing problems.
WARNING:Xst:737 - Found 1-bit latch for signal <ALUSrcB<1>>. Latches may be generated from incomplete case or if statements. We do not recommend the use of latches in FPGA/CPLD designs, as they may lead to timing problems.
WARNING:Xst:737 - Found 1-bit latch for signal <ALUSrcB<0>>. Latches may be generated from incomplete case or if statements. We do not recommend the use of latches in FPGA/CPLD designs, as they may lead to timing problems.
WARNING:Xst:737 - Found 1-bit latch for signal <ALUOp<2>>. Latches may be generated from incomplete case or if statements. We do not recommend the use of latches in FPGA/CPLD designs, as they may lead to timing problems.
WARNING:Xst:737 - Found 1-bit latch for signal <ALUOp<1>>. Latches may be generated from incomplete case or if statements. We do not recommend the use of latches in FPGA/CPLD designs, as they may lead to timing problems.
WARNING:Xst:737 - Found 1-bit latch for signal <ALUOp<0>>. Latches may be generated from incomplete case or if statements. We do not recommend the use of latches in FPGA/CPLD designs, as they may lead to timing problems.
WARNING:Xst:737 - Found 1-bit latch for signal <PCSource<1>>. Latches may be generated from incomplete case or if statements. We do not recommend the use of latches in FPGA/CPLD designs, as they may lead to timing problems.
WARNING:Xst:737 - Found 1-bit latch for signal <PCSource<0>>. Latches may be generated from incomplete case or if statements. We do not recommend the use of latches in FPGA/CPLD designs, as they may lead to timing problems.
WARNING:Xst:737 - Found 1-bit latch for signal <IRWrite>. Latches may be generated from incomplete case or if statements. We do not recommend the use of latches in FPGA/CPLD designs, as they may lead to timing problems.
WARNING:Xst:737 - Found 1-bit latch for signal <PCWrite>. Latches may be generated from incomplete case or if statements. We do not recommend the use of latches in FPGA/CPLD designs, as they may lead to timing problems.
WARNING:Xst:737 - Found 1-bit latch for signal <MemRead>. Latches may be generated from incomplete case or if statements. We do not recommend the use of latches in FPGA/CPLD designs, as they may lead to timing problems.
WARNING:Xst:737 - Found 1-bit latch for signal <MemWrite>. Latches may be generated from incomplete case or if statements. We do not recommend the use of latches in FPGA/CPLD designs, as they may lead to timing problems.
WARNING:Xst:737 - Found 1-bit latch for signal <PCWriteCond>. Latches may be generated from incomplete case or if statements. We do not recommend the use of latches in FPGA/CPLD designs, as they may lead to timing problems.
WARNING:Xst:737 - Found 1-bit latch for signal <RegWrite>. Latches may be generated from incomplete case or if statements. We do not recommend the use of latches in FPGA/CPLD designs, as they may lead to timing problems.
WARNING:Xst:737 - Found 1-bit latch for signal <RegDst<1>>. Latches may be generated from incomplete case or if statements. We do not recommend the use of latches in FPGA/CPLD designs, as they may lead to timing problems.
WARNING:Xst:737 - Found 1-bit latch for signal <RegDst<0>>. Latches may be generated from incomplete case or if statements. We do not recommend the use of latches in FPGA/CPLD designs, as they may lead to timing problems.
WARNING:Xst:737 - Found 1-bit latch for signal <MemtoReg<1>>. Latches may be generated from incomplete case or if statements. We do not recommend the use of latches in FPGA/CPLD designs, as they may lead to timing problems.
WARNING:Xst:737 - Found 1-bit latch for signal <MemtoReg<0>>. Latches may be generated from incomplete case or if statements. We do not recommend the use of latches in FPGA/CPLD designs, as they may lead to timing problems.
    Summary:
	inferred  21 Latch(s).
	inferred   1 Finite State Machine(s).
Unit <MainFSM> synthesized.

Synthesizing Unit <MyFSM>.
    Related source file is "C:\Xilinx\Project2\MyFSM.v".
        Fetch = 0
        Decode = 1
        Mem_Read = 3
        Mem_Writeback = 4
        ADDI_Writeback = 6
        ANDI_Execute = 10
        JAL_Writeback = 11
        Jump = 12
        SLTI_Execute = 13
        BGE = 14
        LWAI = 15
        LWAI_Adr = 16
        UnDefined = 255
WARNING:Xst:647 - Input <i_op> is never used. This port will be preserved and left unconnected if it belongs to a top-level block or it belongs to a sub-block and the hierarchy of this sub-block is preserved.
WARNING:Xst:647 - Input <i_funct> is never used. This port will be preserved and left unconnected if it belongs to a top-level block or it belongs to a sub-block and the hierarchy of this sub-block is preserved.
WARNING:Xst:647 - Input <i_zero> is never used. This port will be preserved and left unconnected if it belongs to a top-level block or it belongs to a sub-block and the hierarchy of this sub-block is preserved.
WARNING:Xst:653 - Signal <IorD> is used but never assigned. This sourceless signal will be automatically connected to value GND.
WARNING:Xst:653 - Signal <MemtoReg> is used but never assigned. This sourceless signal will be automatically connected to value GND.
WARNING:Xst:653 - Signal <PCSource> is used but never assigned. This sourceless signal will be automatically connected to value GND.
WARNING:Xst:653 - Signal <ALUSrcA> is used but never assigned. This sourceless signal will be automatically connected to value GND.
WARNING:Xst:653 - Signal <ALUSrcB> is used but never assigned. This sourceless signal will be automatically connected to value GND.
WARNING:Xst:653 - Signal <RegDst> is used but never assigned. This sourceless signal will be automatically connected to value GND.
WARNING:Xst:653 - Signal <ALUOp> is used but never assigned. This sourceless signal will be automatically connected to value GND.
WARNING:Xst:653 - Signal <IRWrite> is used but never assigned. This sourceless signal will be automatically connected to value GND.
WARNING:Xst:653 - Signal <MemRead> is used but never assigned. This sourceless signal will be automatically connected to value GND.
WARNING:Xst:653 - Signal <MemWrite> is used but never assigned. This sourceless signal will be automatically connected to value GND.
WARNING:Xst:653 - Signal <PCWrite> is used but never assigned. This sourceless signal will be automatically connected to value GND.
WARNING:Xst:653 - Signal <PCWriteCond> is used but never assigned. This sourceless signal will be automatically connected to value GND.
WARNING:Xst:653 - Signal <RegWrite> is used but never assigned. This sourceless signal will be automatically connected to value GND.
    Found 8-bit register for signal <state>.
    Summary:
	no macro.
Unit <MyFSM> synthesized.

Synthesizing Unit <RF>.
    Related source file is "C:\Xilinx\Project2\RF.v".
    Found 1024-bit register for signal <n0081>.
    Summary:
	inferred 1024 D-type flip-flop(s).
Unit <RF> synthesized.

Synthesizing Unit <A>.
    Related source file is "C:\Xilinx\Project2\A.v".
    Found 1-bit register for signal <o_y<31>>.
    Found 1-bit register for signal <o_y<30>>.
    Found 1-bit register for signal <o_y<29>>.
    Found 1-bit register for signal <o_y<28>>.
    Found 1-bit register for signal <o_y<27>>.
    Found 1-bit register for signal <o_y<26>>.
    Found 1-bit register for signal <o_y<25>>.
    Found 1-bit register for signal <o_y<24>>.
    Found 1-bit register for signal <o_y<23>>.
    Found 1-bit register for signal <o_y<22>>.
    Found 1-bit register for signal <o_y<21>>.
    Found 1-bit register for signal <o_y<20>>.
    Found 1-bit register for signal <o_y<19>>.
    Found 1-bit register for signal <o_y<18>>.
    Found 1-bit register for signal <o_y<17>>.
    Found 1-bit register for signal <o_y<16>>.
    Found 1-bit register for signal <o_y<15>>.
    Found 1-bit register for signal <o_y<14>>.
    Found 1-bit register for signal <o_y<13>>.
    Found 1-bit register for signal <o_y<12>>.
    Found 1-bit register for signal <o_y<11>>.
    Found 1-bit register for signal <o_y<10>>.
    Found 1-bit register for signal <o_y<9>>.
    Found 1-bit register for signal <o_y<8>>.
    Found 1-bit register for signal <o_y<7>>.
    Found 1-bit register for signal <o_y<6>>.
    Found 1-bit register for signal <o_y<5>>.
    Found 1-bit register for signal <o_y<4>>.
    Found 1-bit register for signal <o_y<3>>.
    Found 1-bit register for signal <o_y<2>>.
    Found 1-bit register for signal <o_y<1>>.
    Found 1-bit register for signal <o_y<0>>.
    Summary:
	inferred  32 D-type flip-flop(s).
Unit <A> synthesized.

Synthesizing Unit <B>.
    Related source file is "C:\Xilinx\Project2\B.v".
    Found 1-bit register for signal <o_y<31>>.
    Found 1-bit register for signal <o_y<30>>.
    Found 1-bit register for signal <o_y<29>>.
    Found 1-bit register for signal <o_y<28>>.
    Found 1-bit register for signal <o_y<27>>.
    Found 1-bit register for signal <o_y<26>>.
    Found 1-bit register for signal <o_y<25>>.
    Found 1-bit register for signal <o_y<24>>.
    Found 1-bit register for signal <o_y<23>>.
    Found 1-bit register for signal <o_y<22>>.
    Found 1-bit register for signal <o_y<21>>.
    Found 1-bit register for signal <o_y<20>>.
    Found 1-bit register for signal <o_y<19>>.
    Found 1-bit register for signal <o_y<18>>.
    Found 1-bit register for signal <o_y<17>>.
    Found 1-bit register for signal <o_y<16>>.
    Found 1-bit register for signal <o_y<15>>.
    Found 1-bit register for signal <o_y<14>>.
    Found 1-bit register for signal <o_y<13>>.
    Found 1-bit register for signal <o_y<12>>.
    Found 1-bit register for signal <o_y<11>>.
    Found 1-bit register for signal <o_y<10>>.
    Found 1-bit register for signal <o_y<9>>.
    Found 1-bit register for signal <o_y<8>>.
    Found 1-bit register for signal <o_y<7>>.
    Found 1-bit register for signal <o_y<6>>.
    Found 1-bit register for signal <o_y<5>>.
    Found 1-bit register for signal <o_y<4>>.
    Found 1-bit register for signal <o_y<3>>.
    Found 1-bit register for signal <o_y<2>>.
    Found 1-bit register for signal <o_y<1>>.
    Found 1-bit register for signal <o_y<0>>.
    Summary:
	inferred  32 D-type flip-flop(s).
Unit <B> synthesized.

Synthesizing Unit <SEU>.
    Related source file is "C:\Xilinx\Project2\SEU.v".
    Summary:
	no macro.
Unit <SEU> synthesized.

Synthesizing Unit <ALUControl>.
    Related source file is "C:\Xilinx\Project2\ALUControl.v".
    Summary:
	no macro.
Unit <ALUControl> synthesized.

Synthesizing Unit <ALU>.
    Related source file is "C:\Xilinx\Project2\ALU.v".
WARNING:Xst:647 - Input <shamt> is never used. This port will be preserved and left unconnected if it belongs to a top-level block or it belongs to a sub-block and the hierarchy of this sub-block is preserved.
    Summary:
	no macro.
Unit <ALU> synthesized.

Synthesizing Unit <ALUOut>.
    Related source file is "C:\Xilinx\Project2\ALUOut.v".
    Found 1-bit register for signal <o_alu_out<31>>.
    Found 1-bit register for signal <o_alu_out<30>>.
    Found 1-bit register for signal <o_alu_out<29>>.
    Found 1-bit register for signal <o_alu_out<28>>.
    Found 1-bit register for signal <o_alu_out<27>>.
    Found 1-bit register for signal <o_alu_out<26>>.
    Found 1-bit register for signal <o_alu_out<25>>.
    Found 1-bit register for signal <o_alu_out<24>>.
    Found 1-bit register for signal <o_alu_out<23>>.
    Found 1-bit register for signal <o_alu_out<22>>.
    Found 1-bit register for signal <o_alu_out<21>>.
    Found 1-bit register for signal <o_alu_out<20>>.
    Found 1-bit register for signal <o_alu_out<19>>.
    Found 1-bit register for signal <o_alu_out<18>>.
    Found 1-bit register for signal <o_alu_out<17>>.
    Found 1-bit register for signal <o_alu_out<16>>.
    Found 1-bit register for signal <o_alu_out<15>>.
    Found 1-bit register for signal <o_alu_out<14>>.
    Found 1-bit register for signal <o_alu_out<13>>.
    Found 1-bit register for signal <o_alu_out<12>>.
    Found 1-bit register for signal <o_alu_out<11>>.
    Found 1-bit register for signal <o_alu_out<10>>.
    Found 1-bit register for signal <o_alu_out<9>>.
    Found 1-bit register for signal <o_alu_out<8>>.
    Found 1-bit register for signal <o_alu_out<7>>.
    Found 1-bit register for signal <o_alu_out<6>>.
    Found 1-bit register for signal <o_alu_out<5>>.
    Found 1-bit register for signal <o_alu_out<4>>.
    Found 1-bit register for signal <o_alu_out<3>>.
    Found 1-bit register for signal <o_alu_out<2>>.
    Found 1-bit register for signal <o_alu_out<1>>.
    Found 1-bit register for signal <o_alu_out<0>>.
    Summary:
	inferred  32 D-type flip-flop(s).
Unit <ALUOut> synthesized.

=========================================================================
HDL Synthesis Report

Found no macro
=========================================================================

=========================================================================
*                       Advanced HDL Synthesis                          *
=========================================================================


=========================================================================
Advanced HDL Synthesis Report

Found no macro
=========================================================================

=========================================================================
*                         Low Level Synthesis                           *
=========================================================================

Optimizing unit <tb_top> ...

Mapping all equations...
Building and optimizing final netlist ...
Found area constraint ratio of 100 (+ 5) on block tb_top, actual ratio is 0.

Final Macro Processing ...

=========================================================================
Final Register Report

Found no macro
=========================================================================

=========================================================================
*                           Partition Report                            *
=========================================================================

Partition Implementation Status
-------------------------------

  No Partitions were found in this design.

-------------------------------

=========================================================================
*                            Design Summary                             *
=========================================================================

Top Level Output File Name         : tb_top.ngc

Primitive and Black Box Usage:
------------------------------

Device utilization summary:
---------------------------

Selected Device : 7a100tcsg324-3 


Slice Logic Utilization: 

Slice Logic Distribution: 
 Number of LUT Flip Flop pairs used:      0
   Number with an unused Flip Flop:       0  out of      0         
   Number with an unused LUT:             0  out of      0         
   Number of fully used LUT-FF pairs:     0  out of      0         
   Number of unique control sets:         0

IO Utilization: 
 Number of IOs:                           0
 Number of bonded IOBs:                   0  out of    210     0%  

Specific Feature Utilization:

---------------------------
Partition Resource Summary:
---------------------------

  No Partitions were found in this design.

---------------------------


=========================================================================
Timing Report

NOTE: THESE TIMING NUMBERS ARE ONLY A SYNTHESIS ESTIMATE.
      FOR ACCURATE TIMING INFORMATION PLEASE REFER TO THE TRACE REPORT
      GENERATED AFTER PLACE-and-ROUTE.

Clock Information:
------------------
No clock signals found in this design

Asynchronous Control Signals Information:
----------------------------------------
No asynchronous control signals found in this design

Timing Summary:
---------------
Speed Grade: -3

   Minimum period: No path found
   Minimum input arrival time before clock: No path found
   Maximum output required time after clock: No path found
   Maximum combinational path delay: No path found

Timing Details:
---------------
All values displayed in nanoseconds (ns)

=========================================================================

Cross Clock Domains Report:
--------------------------

=========================================================================


Total REAL time to Xst completion: 12.00 secs
Total CPU time to Xst completion: 11.59 secs
 
--> 

Total memory usage is 4626320 kilobytes

Number of errors   :    0 (   0 filtered)
Number of warnings :   55 (   0 filtered)
Number of infos    :    2 (   0 filtered)

