Command line:
   tb_top_isim_beh.exe
     -simmode  gui
     -simrunnum  0
     -socket  61009

Sat May 09 22:45:36 2020


 Elaboration Time: 0.078125 sec

 Current Memory Usage: 5167.56 Meg

 Total Signals          : 194
 Total Nets             : 1145
 Total Signal Drivers   : 85
 Total Blocks           : 23
 Total Primitive Blocks : 20
 Total Processes        : 113
 Total Traceable Variables  : 114
 Total Scalar Nets and Variables : 5979
Total Line Count : 445
Total Line Count : 445
Total Line Count : 445

 Total Simulation Time: 0.578125 sec

 Current Memory Usage: 5010.27 Meg

Sat May 09 22:53:14 2020

